Flow report for freqcounter
Tue Jan 10 22:55:05 2017
Quartus II 64-Bit Version 13.0.1 Build 232 06/12/2013 Service Pack 1 SJ Web Edition


---------------------
; Table of Contents ;
---------------------
  1. Legal Notice
  2. Flow Summary
  3. Flow Settings
  4. Flow Non-Default Global Settings
  5. Flow Elapsed Time
  6. Flow OS Summary
  7. Flow Log
  8. Flow Messages
  9. Flow Suppressed Messages



----------------
; Legal Notice ;
----------------
Copyright (C) 1991-2013 Altera Corporation
Your use of Altera Corporation's design tools, logic functions 
and other software and tools, and its AMPP partner logic 
functions, and any output files from any of the foregoing 
(including device programming or simulation files), and any 
associated documentation or information are expressly subject 
to the terms and conditions of the Altera Program License 
Subscription Agreement, Altera MegaCore Function License 
Agreement, or other applicable license agreement, including, 
without limitation, that your use is for the sole purpose of 
programming logic devices manufactured by Altera and sold by 
Altera or its authorized distributors.  Please refer to the 
applicable agreement for further details.



+--------------------------------------------------------------------------------------+
; Flow Summary                                                                         ;
+------------------------------------+-------------------------------------------------+
; Flow Status                        ; Successful - Tue Jan 10 22:55:05 2017           ;
; Quartus II 64-Bit Version          ; 13.0.1 Build 232 06/12/2013 SP 1 SJ Web Edition ;
; Revision Name                      ; freqcounter                                     ;
; Top-level Entity Name              ; top                                             ;
; Family                             ; Cyclone IV E                                    ;
; Device                             ; EP4CE10E22C8                                    ;
; Timing Models                      ; Final                                           ;
; Total logic elements               ; 555 / 10,320 ( 5 % )                            ;
;     Total combinational functions  ; 482 / 10,320 ( 5 % )                            ;
;     Dedicated logic registers      ; 389 / 10,320 ( 4 % )                            ;
; Total registers                    ; 389                                             ;
; Total pins                         ; 32 / 92 ( 35 % )                                ;
; Total virtual pins                 ; 0                                               ;
; Total memory bits                  ; 0 / 423,936 ( 0 % )                             ;
; Embedded Multiplier 9-bit elements ; 0 / 46 ( 0 % )                                  ;
; Total PLLs                         ; 0 / 2 ( 0 % )                                   ;
+------------------------------------+-------------------------------------------------+


+-----------------------------------------+
; Flow Settings                           ;
+-------------------+---------------------+
; Option            ; Setting             ;
+-------------------+---------------------+
; Start date & time ; 01/10/2017 22:54:35 ;
; Main task         ; Compilation         ;
; Revision Name     ; freqcounter         ;
+-------------------+---------------------+


+----------------------------------------------------------------------------------------------------------------------------+
; Flow Non-Default Global Settings                                                                                           ;
+-------------------------------------+---------------------------------------+---------------+-------------+----------------+
; Assignment Name                     ; Value                                 ; Default Value ; Entity Name ; Section Id     ;
+-------------------------------------+---------------------------------------+---------------+-------------+----------------+
; COMPILER_SIGNATURE_ID               ; 145385912643553.148408527507324       ; --            ; --          ; --             ;
; EDA_OUTPUT_DATA_FORMAT              ; Vhdl                                  ; --            ; --          ; eda_simulation ;
; EDA_SIMULATION_TOOL                 ; ModelSim-Altera (VHDL)                ; <None>        ; --          ; --             ;
; MAX_CORE_JUNCTION_TEMP              ; 85                                    ; --            ; --          ; --             ;
; MIN_CORE_JUNCTION_TEMP              ; 0                                     ; --            ; --          ; --             ;
; PARTITION_COLOR                     ; 16764057                              ; --            ; top         ; Top            ;
; PARTITION_FITTER_PRESERVATION_LEVEL ; PLACEMENT_AND_ROUTING                 ; --            ; top         ; Top            ;
; PARTITION_NETLIST_TYPE              ; SOURCE                                ; --            ; top         ; Top            ;
; POWER_BOARD_THERMAL_MODEL           ; None (CONSERVATIVE)                   ; --            ; --          ; --             ;
; POWER_PRESET_COOLING_SOLUTION       ; 23 MM HEAT SINK WITH 200 LFPM AIRFLOW ; --            ; --          ; --             ;
; PROJECT_OUTPUT_DIRECTORY            ; output_files                          ; --            ; --          ; --             ;
; TOP_LEVEL_ENTITY                    ; top                                   ; freqcounter   ; --          ; --             ;
+-------------------------------------+---------------------------------------+---------------+-------------+----------------+


+-------------------------------------------------------------------------------------------------------------------------------+
; Flow Elapsed Time                                                                                                             ;
+---------------------------+--------------+-------------------------+---------------------+------------------------------------+
; Module Name               ; Elapsed Time ; Average Processors Used ; Peak Virtual Memory ; Total CPU Time (on all processors) ;
+---------------------------+--------------+-------------------------+---------------------+------------------------------------+
; Analysis & Synthesis      ; 00:00:04     ; 1.0                     ; 483 MB              ; 00:00:04                           ;
; Fitter                    ; 00:00:12     ; 1.2                     ; 841 MB              ; 00:00:13                           ;
; Assembler                 ; 00:00:01     ; 1.0                     ; 397 MB              ; 00:00:01                           ;
; TimeQuest Timing Analyzer ; 00:00:07     ; 1.0                     ; 499 MB              ; 00:00:06                           ;
; EDA Netlist Writer        ; 00:00:02     ; 1.0                     ; 387 MB              ; 00:00:02                           ;
; Total                     ; 00:00:26     ; --                      ; --                  ; 00:00:26                           ;
+---------------------------+--------------+-------------------------+---------------------+------------------------------------+


+----------------------------------------------------------------------------------------+
; Flow OS Summary                                                                        ;
+---------------------------+------------------+-----------+------------+----------------+
; Module Name               ; Machine Hostname ; OS Name   ; OS Version ; Processor type ;
+---------------------------+------------------+-----------+------------+----------------+
; Analysis & Synthesis      ; Laptop400        ; Windows 7 ; 6.1        ; x86_64         ;
; Fitter                    ; Laptop400        ; Windows 7 ; 6.1        ; x86_64         ;
; Assembler                 ; Laptop400        ; Windows 7 ; 6.1        ; x86_64         ;
; TimeQuest Timing Analyzer ; Laptop400        ; Windows 7 ; 6.1        ; x86_64         ;
; EDA Netlist Writer        ; Laptop400        ; Windows 7 ; 6.1        ; x86_64         ;
+---------------------------+------------------+-----------+------------+----------------+


------------
; Flow Log ;
------------
quartus_map --read_settings_files=on --write_settings_files=off freqcounter -c freqcounter
quartus_fit --read_settings_files=off --write_settings_files=off freqcounter -c freqcounter
quartus_asm --read_settings_files=off --write_settings_files=off freqcounter -c freqcounter
quartus_sta freqcounter -c freqcounter
quartus_eda --read_settings_files=off --write_settings_files=off freqcounter -c freqcounter



